<?xml version="1.0" encoding="UTF-8"?>
<testsuite name="io.pivotal.training.fortune.FortunesTest" tests="1" skipped="0" failures="0" errors="0" timestamp="2018-01-12T19:42:57" hostname="NamNgoPC" time="0.379">
  <properties/>
  <testcase name="validate_fortunesContract" classname="io.pivotal.training.fortune.FortunesTest" time="0.379"/>
  <system-out><![CDATA[2018-01-12 13:42:57.705  INFO 9860 --- [    Test worker] .b.t.c.SpringBootTestContextBootstrapper : Neither @ContextConfiguration nor @ContextHierarchy found for test class [io.pivotal.training.fortune.FortunesTest], using SpringBootContextLoader
2018-01-12 13:42:57.706  INFO 9860 --- [    Test worker] o.s.t.c.support.AbstractContextLoader    : Could not detect default resource locations for test class [io.pivotal.training.fortune.FortunesTest]: no resource found for suffixes {-context.xml, Context.groovy}.
2018-01-12 13:42:57.706  INFO 9860 --- [    Test worker] t.c.s.AnnotationConfigContextLoaderUtils : Could not detect default configuration classes for test class [io.pivotal.training.fortune.FortunesTest]: FortunesTest does not declare any static, non-private, non-final, nested classes annotated with @Configuration.
2018-01-12 13:42:57.711  INFO 9860 --- [    Test worker] .b.t.c.SpringBootTestContextBootstrapper : Found @SpringBootConfiguration io.pivotal.training.fortune.FortuneApplication for test class io.pivotal.training.fortune.FortunesTest
2018-01-12 13:42:57.714  INFO 9860 --- [    Test worker] .b.t.c.SpringBootTestContextBootstrapper : Loaded default TestExecutionListener class names from location [META-INF/spring.factories]: [org.springframework.boot.test.autoconfigure.restdocs.RestDocsTestExecutionListener, org.springframework.boot.test.autoconfigure.web.client.MockRestServiceServerResetTestExecutionListener, org.springframework.boot.test.autoconfigure.web.servlet.MockMvcPrintOnlyOnFailureTestExecutionListener, org.springframework.boot.test.autoconfigure.web.servlet.WebDriverTestExecutionListener, org.springframework.boot.test.mock.mockito.MockitoTestExecutionListener, org.springframework.boot.test.mock.mockito.ResetMocksTestExecutionListener, org.springframework.test.context.web.ServletTestExecutionListener, org.springframework.test.context.support.DirtiesContextBeforeModesTestExecutionListener, org.springframework.test.context.support.DependencyInjectionTestExecutionListener, org.springframework.test.context.support.DirtiesContextTestExecutionListener, org.springframework.test.context.transaction.TransactionalTestExecutionListener, org.springframework.test.context.jdbc.SqlScriptsTestExecutionListener]
2018-01-12 13:42:57.720  INFO 9860 --- [    Test worker] .b.t.c.SpringBootTestContextBootstrapper : Could not instantiate TestExecutionListener [org.springframework.test.context.transaction.TransactionalTestExecutionListener]. Specify custom listener classes or make the default listener classes (and their required dependencies) available. Offending class: [org/springframework/transaction/interceptor/TransactionAttributeSource]
2018-01-12 13:42:57.721  INFO 9860 --- [    Test worker] .b.t.c.SpringBootTestContextBootstrapper : Could not instantiate TestExecutionListener [org.springframework.test.context.jdbc.SqlScriptsTestExecutionListener]. Specify custom listener classes or make the default listener classes (and their required dependencies) available. Offending class: [org/springframework/transaction/interceptor/TransactionAttribute]
2018-01-12 13:42:57.721  INFO 9860 --- [    Test worker] .b.t.c.SpringBootTestContextBootstrapper : Using TestExecutionListeners: [org.springframework.test.context.web.ServletTestExecutionListener@5bf3cd68, org.springframework.test.context.support.DirtiesContextBeforeModesTestExecutionListener@20336503, org.springframework.boot.test.autoconfigure.SpringBootDependencyInjectionTestExecutionListener@7efbf4c1, org.springframework.test.context.support.DirtiesContextTestExecutionListener@15e32095, org.springframework.boot.test.autoconfigure.restdocs.RestDocsTestExecutionListener@503e37cc, org.springframework.boot.test.autoconfigure.web.client.MockRestServiceServerResetTestExecutionListener@6b9e5bb5, org.springframework.boot.test.autoconfigure.web.servlet.MockMvcPrintOnlyOnFailureTestExecutionListener@4ae2e7fb, org.springframework.boot.test.mock.mockito.MockitoTestExecutionListener@460991ba, org.springframework.boot.test.mock.mockito.ResetMocksTestExecutionListener@67285ee0, org.springframework.boot.test.autoconfigure.web.servlet.WebDriverTestExecutionListener@7e72e243]
2018-01-12 13:42:57.928  INFO 9860 --- [    Test worker] ilder$StaticRequestMappingHandlerMapping : Mapped "{[/],methods=[GET]}" onto public java.util.Map<java.lang.String, java.lang.String> io.pivotal.training.fortune.FortuneController.getFortune()
2018-01-12 13:42:57.943  INFO 9860 --- [    Test worker] s.w.s.m.m.a.RequestMappingHandlerAdapter : Looking for @ControllerAdvice: org.springframework.test.web.servlet.setup.StubWebApplicationContext@7ed5f50c
2018-01-12 13:42:57.948  INFO 9860 --- [    Test worker] o.s.mock.web.MockServletContext          : Initializing Spring FrameworkServlet ''
2018-01-12 13:42:57.949  INFO 9860 --- [    Test worker] o.s.t.web.servlet.TestDispatcherServlet  : FrameworkServlet '': initialization started
2018-01-12 13:42:57.949  INFO 9860 --- [    Test worker] o.s.t.web.servlet.TestDispatcherServlet  : FrameworkServlet '': initialization completed in 0 ms
2018-01-12 13:42:57.979  INFO 9860 --- [    Test worker] i.p.training.fortune.FortuneController   : retrieving fortune 'a random fortune'
]]></system-out>
  <system-err><![CDATA[]]></system-err>
</testsuite>
